<?xml version="1.0" encoding="UTF-8"?>
<testsuite name="org.springframework.core.ConstantsTests" tests="2" skipped="0" failures="0" errors="0" timestamp="2019-10-26T12:02:29" hostname="DESKTOP-BSNTT0I" time="0.004">
  <properties/>
  <testcase name="propertyToConstantNamePrefix" classname="org.springframework.core.ConstantsTests" time="0.004"/>
  <testcase name="testConstants" classname="org.springframework.core.ConstantsTests" time="0.0"/>
  <system-out><![CDATA[]]></system-out>
  <system-err><![CDATA[]]></system-err>
</testsuite>
